This is pdfTeX, Version 3.141592653-2.6-1.40.25 (TeX Live 2023/nixos.org) (preloaded format=pdflatex 1980.1.1)  2 OCT 2024 01:33
entering extended mode
 restricted \write18 enabled.
 file:line:error style messages enabled.
 %&-line parsing enabled.
**superconductivity.tex
(./superconductivity.tex
LaTeX2e <2023-11-01> patch level 1
L3 programming layer <2024-02-20>
(/nix/store/m0ikp1pfxcv6vfhi7n4mh367v5a6his2-texlive-combined-full-2023-final-texmfdist/tex/latex/base/article.cls
Document Class: article 2023/05/17 v1.4n Standard LaTeX document class
(/nix/store/m0ikp1pfxcv6vfhi7n4mh367v5a6his2-texlive-combined-full-2023-final-texmfdist/tex/latex/base/size10.clo
File: size10.clo 2023/05/17 v1.4n Standard LaTeX file (size option)
)
\c@part=\count188
\c@section=\count189
\c@subsection=\count190
\c@subsubsection=\count191
\c@paragraph=\count192
\c@subparagraph=\count193
\c@figure=\count194
\c@table=\count195
\abovecaptionskip=\skip48
\belowcaptionskip=\skip49
\bibindent=\dimen140
) (/nix/store/m0ikp1pfxcv6vfhi7n4mh367v5a6his2-texlive-combined-full-2023-final-texmfdist/tex/latex/amsmath/amsmath.sty
Package: amsmath 2023/05/13 v2.17o AMS math features
\@mathmargin=\skip50

For additional information on amsmath, use the `?' option.
(/nix/store/m0ikp1pfxcv6vfhi7n4mh367v5a6his2-texlive-combined-full-2023-final-texmfdist/tex/latex/amsmath/amstext.sty
Package: amstext 2021/08/26 v2.01 AMS text
 (/nix/store/m0ikp1pfxcv6vfhi7n4mh367v5a6his2-texlive-combined-full-2023-final-texmfdist/tex/latex/amsmath/amsgen.sty
File: amsgen.sty 1999/11/30 v2.0 generic functions
\@emptytoks=\toks17
\ex@=\dimen141
)) (/nix/store/m0ikp1pfxcv6vfhi7n4mh367v5a6his2-texlive-combined-full-2023-final-texmfdist/tex/latex/amsmath/amsbsy.sty
Package: amsbsy 1999/11/29 v1.2d Bold Symbols
\pmbraise@=\dimen142
) (/nix/store/m0ikp1pfxcv6vfhi7n4mh367v5a6his2-texlive-combined-full-2023-final-texmfdist/tex/latex/amsmath/amsopn.sty
Package: amsopn 2022/04/08 v2.04 operator names
)
\inf@bad=\count196
LaTeX Info: Redefining \frac on input line 234.
\uproot@=\count197
\leftroot@=\count198
LaTeX Info: Redefining \overline on input line 399.
LaTeX Info: Redefining \colon on input line 410.
\classnum@=\count199
\DOTSCASE@=\count266
LaTeX Info: Redefining \ldots on input line 496.
LaTeX Info: Redefining \dots on input line 499.
LaTeX Info: Redefining \cdots on input line 620.
\Mathstrutbox@=\box51
\strutbox@=\box52
LaTeX Info: Redefining \big on input line 722.
LaTeX Info: Redefining \Big on input line 723.
LaTeX Info: Redefining \bigg on input line 724.
LaTeX Info: Redefining \Bigg on input line 725.
\big@size=\dimen143
LaTeX Font Info:    Redeclaring font encoding OML on input line 743.
LaTeX Font Info:    Redeclaring font encoding OMS on input line 744.
\macc@depth=\count267
LaTeX Info: Redefining \bmod on input line 905.
LaTeX Info: Redefining \pmod on input line 910.
LaTeX Info: Redefining \smash on input line 940.
LaTeX Info: Redefining \relbar on input line 970.
LaTeX Info: Redefining \Relbar on input line 971.
\c@MaxMatrixCols=\count268
\dotsspace@=\muskip16
\c@parentequation=\count269
\dspbrk@lvl=\count270
\tag@help=\toks18
\row@=\count271
\column@=\count272
\maxfields@=\count273
\andhelp@=\toks19
\eqnshift@=\dimen144
\alignsep@=\dimen145
\tagshift@=\dimen146
\tagwidth@=\dimen147
\totwidth@=\dimen148
\lineht@=\dimen149
\@envbody=\toks20
\multlinegap=\skip51
\multlinetaggap=\skip52
\mathdisplay@stack=\toks21
LaTeX Info: Redefining \[ on input line 2953.
LaTeX Info: Redefining \] on input line 2954.
) (/nix/store/m0ikp1pfxcv6vfhi7n4mh367v5a6his2-texlive-combined-full-2023-final-texmfdist/tex/latex/amscls/amsthm.sty
Package: amsthm 2020/05/29 v2.20.6
\thm@style=\toks22
\thm@bodyfont=\toks23
\thm@headfont=\toks24
\thm@notefont=\toks25
\thm@headpunct=\toks26
\thm@preskip=\skip53
\thm@postskip=\skip54
\thm@headsep=\skip55
\dth@everypar=\toks27
) (/nix/store/m0ikp1pfxcv6vfhi7n4mh367v5a6his2-texlive-combined-full-2023-final-texmfdist/tex/latex/amsfonts/amssymb.sty
Package: amssymb 2013/01/14 v3.01 AMS font symbols
 (/nix/store/m0ikp1pfxcv6vfhi7n4mh367v5a6his2-texlive-combined-full-2023-final-texmfdist/tex/latex/amsfonts/amsfonts.sty
Package: amsfonts 2013/01/14 v3.01 Basic AMSFonts support
\symAMSa=\mathgroup4
\symAMSb=\mathgroup5
LaTeX Font Info:    Redeclaring math symbol \hbar on input line 98.
LaTeX Font Info:    Overwriting math alphabet `\mathfrak' in version `bold'
(Font)                  U/euf/m/n --> U/euf/b/n on input line 106.
)) (/nix/store/m0ikp1pfxcv6vfhi7n4mh367v5a6his2-texlive-combined-full-2023-final-texmfdist/tex/latex/tikz-cd/tikz-cd.sty
Package: tikz-cd 2021/05/04 v1.0 Commutative diagrams with TikZ
 (/nix/store/m0ikp1pfxcv6vfhi7n4mh367v5a6his2-texlive-combined-full-2023-final-texmfdist/tex/latex/pgf/frontendlayer/tikz.sty (/nix/store/m0ikp1pfxcv6vfhi7n4mh367v5a6his2-texlive-combined-full-2023-final-texmfdist/tex/latex/pgf/basiclayer/pgf.sty (/nix/store/m0ikp1pfxcv6vfhi7n4mh367v5a6his2-texlive-combined-full-2023-final-texmfdist/tex/latex/pgf/utilities/pgfrcs.sty (/nix/store/m0ikp1pfxcv6vfhi7n4mh367v5a6his2-texlive-combined-full-2023-final-texmfdist/tex/generic/pgf/utilities/pgfutil-common.tex
\pgfutil@everybye=\toks28
\pgfutil@tempdima=\dimen150
\pgfutil@tempdimb=\dimen151
) (/nix/store/m0ikp1pfxcv6vfhi7n4mh367v5a6his2-texlive-combined-full-2023-final-texmfdist/tex/generic/pgf/utilities/pgfutil-latex.def
\pgfutil@abb=\box53
) (/nix/store/m0ikp1pfxcv6vfhi7n4mh367v5a6his2-texlive-combined-full-2023-final-texmfdist/tex/generic/pgf/utilities/pgfrcs.code.tex (/nix/store/m0ikp1pfxcv6vfhi7n4mh367v5a6his2-texlive-combined-full-2023-final-texmfdist/tex/generic/pgf/pgf.revision.tex)
Package: pgfrcs 2023-01-15 v3.1.10 (3.1.10)
))
Package: pgf 2023-01-15 v3.1.10 (3.1.10)
 (/nix/store/m0ikp1pfxcv6vfhi7n4mh367v5a6his2-texlive-combined-full-2023-final-texmfdist/tex/latex/pgf/basiclayer/pgfcore.sty
(/nix/store/m0ikp1pfxcv6vfhi7n4mh367v5a6his2-texlive-combined-full-2023-final-texmfdist/tex/latex/graphics/graphicx.sty
Package: graphicx 2021/09/16 v1.2d Enhanced LaTeX Graphics (DPC,SPQR)
 (/nix/store/m0ikp1pfxcv6vfhi7n4mh367v5a6his2-texlive-combined-full-2023-final-texmfdist/tex/latex/graphics/keyval.sty
Package: keyval 2022/05/29 v1.15 key=value parser (DPC)
\KV@toks@=\toks29
) (/nix/store/m0ikp1pfxcv6vfhi7n4mh367v5a6his2-texlive-combined-full-2023-final-texmfdist/tex/latex/graphics/graphics.sty
Package: graphics 2022/03/10 v1.4e Standard LaTeX Graphics (DPC,SPQR)
 (/nix/store/m0ikp1pfxcv6vfhi7n4mh367v5a6his2-texlive-combined-full-2023-final-texmfdist/tex/latex/graphics/trig.sty
Package: trig 2021/08/11 v1.11 sin cos tan (DPC)
) (/nix/store/m0ikp1pfxcv6vfhi7n4mh367v5a6his2-texlive-combined-full-2023-final-texmfdist/tex/latex/graphics-cfg/graphics.cfg
File: graphics.cfg 2016/06/04 v1.11 sample graphics configuration
)
Package graphics Info: Driver file: pdftex.def on input line 107.
 (/nix/store/m0ikp1pfxcv6vfhi7n4mh367v5a6his2-texlive-combined-full-2023-final-texmfdist/tex/latex/graphics-def/pdftex.def
File: pdftex.def 2022/09/22 v1.2b Graphics/color driver for pdftex
))
\Gin@req@height=\dimen152
\Gin@req@width=\dimen153
) (/nix/store/m0ikp1pfxcv6vfhi7n4mh367v5a6his2-texlive-combined-full-2023-final-texmfdist/tex/latex/pgf/systemlayer/pgfsys.sty (/nix/store/m0ikp1pfxcv6vfhi7n4mh367v5a6his2-texlive-combined-full-2023-final-texmfdist/tex/generic/pgf/systemlayer/pgfsys.code.tex
Package: pgfsys 2023-01-15 v3.1.10 (3.1.10)
 (/nix/store/m0ikp1pfxcv6vfhi7n4mh367v5a6his2-texlive-combined-full-2023-final-texmfdist/tex/generic/pgf/utilities/pgfkeys.code.tex
\pgfkeys@pathtoks=\toks30
\pgfkeys@temptoks=\toks31
 (/nix/store/m0ikp1pfxcv6vfhi7n4mh367v5a6his2-texlive-combined-full-2023-final-texmfdist/tex/generic/pgf/utilities/pgfkeyslibraryfiltered.code.tex
\pgfkeys@tmptoks=\toks32
))
\pgf@x=\dimen154
\pgf@y=\dimen155
\pgf@xa=\dimen156
\pgf@ya=\dimen157
\pgf@xb=\dimen158
\pgf@yb=\dimen159
\pgf@xc=\dimen160
\pgf@yc=\dimen161
\pgf@xd=\dimen162
\pgf@yd=\dimen163
\w@pgf@writea=\write3
\r@pgf@reada=\read2
\c@pgf@counta=\count274
\c@pgf@countb=\count275
\c@pgf@countc=\count276
\c@pgf@countd=\count277
\t@pgf@toka=\toks33
\t@pgf@tokb=\toks34
\t@pgf@tokc=\toks35
\pgf@sys@id@count=\count278
 (/nix/store/m0ikp1pfxcv6vfhi7n4mh367v5a6his2-texlive-combined-full-2023-final-texmfdist/tex/generic/pgf/systemlayer/pgf.cfg
File: pgf.cfg 2023-01-15 v3.1.10 (3.1.10)
)
Driver file for pgf: pgfsys-pdftex.def
 (/nix/store/m0ikp1pfxcv6vfhi7n4mh367v5a6his2-texlive-combined-full-2023-final-texmfdist/tex/generic/pgf/systemlayer/pgfsys-pdftex.def
File: pgfsys-pdftex.def 2023-01-15 v3.1.10 (3.1.10)
 (/nix/store/m0ikp1pfxcv6vfhi7n4mh367v5a6his2-texlive-combined-full-2023-final-texmfdist/tex/generic/pgf/systemlayer/pgfsys-common-pdf.def
File: pgfsys-common-pdf.def 2023-01-15 v3.1.10 (3.1.10)
))) (/nix/store/m0ikp1pfxcv6vfhi7n4mh367v5a6his2-texlive-combined-full-2023-final-texmfdist/tex/generic/pgf/systemlayer/pgfsyssoftpath.code.tex
File: pgfsyssoftpath.code.tex 2023-01-15 v3.1.10 (3.1.10)
\pgfsyssoftpath@smallbuffer@items=\count279
\pgfsyssoftpath@bigbuffer@items=\count280
) (/nix/store/m0ikp1pfxcv6vfhi7n4mh367v5a6his2-texlive-combined-full-2023-final-texmfdist/tex/generic/pgf/systemlayer/pgfsysprotocol.code.tex
File: pgfsysprotocol.code.tex 2023-01-15 v3.1.10 (3.1.10)
))
(/nix/store/m0ikp1pfxcv6vfhi7n4mh367v5a6his2-texlive-combined-full-2023-final-texmfdist/tex/latex/xcolor/xcolor.sty
Package: xcolor 2023/11/15 v3.01 LaTeX color extensions (UK)
 (/nix/store/m0ikp1pfxcv6vfhi7n4mh367v5a6his2-texlive-combined-full-2023-final-texmfdist/tex/latex/graphics-cfg/color.cfg
File: color.cfg 2016/01/02 v1.6 sample color configuration
)
Package xcolor Info: Driver file: pdftex.def on input line 274.
 (/nix/store/m0ikp1pfxcv6vfhi7n4mh367v5a6his2-texlive-combined-full-2023-final-texmfdist/tex/latex/graphics/mathcolor.ltx)
Package xcolor Info: Model `cmy' substituted by `cmy0' on input line 1350.
Package xcolor Info: Model `hsb' substituted by `rgb' on input line 1354.
Package xcolor Info: Model `RGB' extended on input line 1366.
Package xcolor Info: Model `HTML' substituted by `rgb' on input line 1368.
Package xcolor Info: Model `Hsb' substituted by `hsb' on input line 1369.
Package xcolor Info: Model `tHsb' substituted by `hsb' on input line 1370.
Package xcolor Info: Model `HSB' substituted by `hsb' on input line 1371.
Package xcolor Info: Model `Gray' substituted by `gray' on input line 1372.
Package xcolor Info: Model `wave' substituted by `hsb' on input line 1373.
) (/nix/store/m0ikp1pfxcv6vfhi7n4mh367v5a6his2-texlive-combined-full-2023-final-texmfdist/tex/generic/pgf/basiclayer/pgfcore.code.tex
Package: pgfcore 2023-01-15 v3.1.10 (3.1.10)
 (/nix/store/m0ikp1pfxcv6vfhi7n4mh367v5a6his2-texlive-combined-full-2023-final-texmfdist/tex/generic/pgf/math/pgfmath.code.tex (/nix/store/m0ikp1pfxcv6vfhi7n4mh367v5a6his2-texlive-combined-full-2023-final-texmfdist/tex/generic/pgf/math/pgfmathutil.code.tex) (/nix/store/m0ikp1pfxcv6vfhi7n4mh367v5a6his2-texlive-combined-full-2023-final-texmfdist/tex/generic/pgf/math/pgfmathparser.code.tex
\pgfmath@dimen=\dimen164
\pgfmath@count=\count281
\pgfmath@box=\box54
\pgfmath@toks=\toks36
\pgfmath@stack@operand=\toks37
\pgfmath@stack@operation=\toks38
) (/nix/store/m0ikp1pfxcv6vfhi7n4mh367v5a6his2-texlive-combined-full-2023-final-texmfdist/tex/generic/pgf/math/pgfmathfunctions.code.tex) (/nix/store/m0ikp1pfxcv6vfhi7n4mh367v5a6his2-texlive-combined-full-2023-final-texmfdist/tex/generic/pgf/math/pgfmathfunctions.basic.code.tex) (/nix/store/m0ikp1pfxcv6vfhi7n4mh367v5a6his2-texlive-combined-full-2023-final-texmfdist/tex/generic/pgf/math/pgfmathfunctions.trigonometric.code.tex) (/nix/store/m0ikp1pfxcv6vfhi7n4mh367v5a6his2-texlive-combined-full-2023-final-texmfdist/tex/generic/pgf/math/pgfmathfunctions.random.code.tex) (/nix/store/m0ikp1pfxcv6vfhi7n4mh367v5a6his2-texlive-combined-full-2023-final-texmfdist/tex/generic/pgf/math/pgfmathfunctions.comparison.code.tex) (/nix/store/m0ikp1pfxcv6vfhi7n4mh367v5a6his2-texlive-combined-full-2023-final-texmfdist/tex/generic/pgf/math/pgfmathfunctions.base.code.tex) (/nix/store/m0ikp1pfxcv6vfhi7n4mh367v5a6his2-texlive-combined-full-2023-final-texmfdist/tex/generic/pgf/math/pgfmathfunctions.round.code.tex)
(/nix/store/m0ikp1pfxcv6vfhi7n4mh367v5a6his2-texlive-combined-full-2023-final-texmfdist/tex/generic/pgf/math/pgfmathfunctions.misc.code.tex) (/nix/store/m0ikp1pfxcv6vfhi7n4mh367v5a6his2-texlive-combined-full-2023-final-texmfdist/tex/generic/pgf/math/pgfmathfunctions.integerarithmetics.code.tex) (/nix/store/m0ikp1pfxcv6vfhi7n4mh367v5a6his2-texlive-combined-full-2023-final-texmfdist/tex/generic/pgf/math/pgfmathcalc.code.tex) (/nix/store/m0ikp1pfxcv6vfhi7n4mh367v5a6his2-texlive-combined-full-2023-final-texmfdist/tex/generic/pgf/math/pgfmathfloat.code.tex
\c@pgfmathroundto@lastzeros=\count282
)) (/nix/store/m0ikp1pfxcv6vfhi7n4mh367v5a6his2-texlive-combined-full-2023-final-texmfdist/tex/generic/pgf/math/pgfint.code.tex) (/nix/store/m0ikp1pfxcv6vfhi7n4mh367v5a6his2-texlive-combined-full-2023-final-texmfdist/tex/generic/pgf/basiclayer/pgfcorepoints.code.tex
File: pgfcorepoints.code.tex 2023-01-15 v3.1.10 (3.1.10)
\pgf@picminx=\dimen165
\pgf@picmaxx=\dimen166
\pgf@picminy=\dimen167
\pgf@picmaxy=\dimen168
\pgf@pathminx=\dimen169
\pgf@pathmaxx=\dimen170
\pgf@pathminy=\dimen171
\pgf@pathmaxy=\dimen172
\pgf@xx=\dimen173
\pgf@xy=\dimen174
\pgf@yx=\dimen175
\pgf@yy=\dimen176
\pgf@zx=\dimen177
\pgf@zy=\dimen178
) (/nix/store/m0ikp1pfxcv6vfhi7n4mh367v5a6his2-texlive-combined-full-2023-final-texmfdist/tex/generic/pgf/basiclayer/pgfcorepathconstruct.code.tex
File: pgfcorepathconstruct.code.tex 2023-01-15 v3.1.10 (3.1.10)
\pgf@path@lastx=\dimen179
\pgf@path@lasty=\dimen180
) (/nix/store/m0ikp1pfxcv6vfhi7n4mh367v5a6his2-texlive-combined-full-2023-final-texmfdist/tex/generic/pgf/basiclayer/pgfcorepathusage.code.tex
File: pgfcorepathusage.code.tex 2023-01-15 v3.1.10 (3.1.10)
\pgf@shorten@end@additional=\dimen181
\pgf@shorten@start@additional=\dimen182
) (/nix/store/m0ikp1pfxcv6vfhi7n4mh367v5a6his2-texlive-combined-full-2023-final-texmfdist/tex/generic/pgf/basiclayer/pgfcorescopes.code.tex
File: pgfcorescopes.code.tex 2023-01-15 v3.1.10 (3.1.10)
\pgfpic=\box55
\pgf@hbox=\box56
\pgf@layerbox@main=\box57
\pgf@picture@serial@count=\count283
) (/nix/store/m0ikp1pfxcv6vfhi7n4mh367v5a6his2-texlive-combined-full-2023-final-texmfdist/tex/generic/pgf/basiclayer/pgfcoregraphicstate.code.tex
File: pgfcoregraphicstate.code.tex 2023-01-15 v3.1.10 (3.1.10)
\pgflinewidth=\dimen183
) (/nix/store/m0ikp1pfxcv6vfhi7n4mh367v5a6his2-texlive-combined-full-2023-final-texmfdist/tex/generic/pgf/basiclayer/pgfcoretransformations.code.tex
File: pgfcoretransformations.code.tex 2023-01-15 v3.1.10 (3.1.10)
\pgf@pt@x=\dimen184
\pgf@pt@y=\dimen185
\pgf@pt@temp=\dimen186
) (/nix/store/m0ikp1pfxcv6vfhi7n4mh367v5a6his2-texlive-combined-full-2023-final-texmfdist/tex/generic/pgf/basiclayer/pgfcorequick.code.tex
File: pgfcorequick.code.tex 2023-01-15 v3.1.10 (3.1.10)
) (/nix/store/m0ikp1pfxcv6vfhi7n4mh367v5a6his2-texlive-combined-full-2023-final-texmfdist/tex/generic/pgf/basiclayer/pgfcoreobjects.code.tex
File: pgfcoreobjects.code.tex 2023-01-15 v3.1.10 (3.1.10)
) (/nix/store/m0ikp1pfxcv6vfhi7n4mh367v5a6his2-texlive-combined-full-2023-final-texmfdist/tex/generic/pgf/basiclayer/pgfcorepathprocessing.code.tex
File: pgfcorepathprocessing.code.tex 2023-01-15 v3.1.10 (3.1.10)
)
(/nix/store/m0ikp1pfxcv6vfhi7n4mh367v5a6his2-texlive-combined-full-2023-final-texmfdist/tex/generic/pgf/basiclayer/pgfcorearrows.code.tex
File: pgfcorearrows.code.tex 2023-01-15 v3.1.10 (3.1.10)
\pgfarrowsep=\dimen187
) (/nix/store/m0ikp1pfxcv6vfhi7n4mh367v5a6his2-texlive-combined-full-2023-final-texmfdist/tex/generic/pgf/basiclayer/pgfcoreshade.code.tex
File: pgfcoreshade.code.tex 2023-01-15 v3.1.10 (3.1.10)
\pgf@max=\dimen188
\pgf@sys@shading@range@num=\count284
\pgf@shadingcount=\count285
) (/nix/store/m0ikp1pfxcv6vfhi7n4mh367v5a6his2-texlive-combined-full-2023-final-texmfdist/tex/generic/pgf/basiclayer/pgfcoreimage.code.tex
File: pgfcoreimage.code.tex 2023-01-15 v3.1.10 (3.1.10)
) (/nix/store/m0ikp1pfxcv6vfhi7n4mh367v5a6his2-texlive-combined-full-2023-final-texmfdist/tex/generic/pgf/basiclayer/pgfcoreexternal.code.tex
File: pgfcoreexternal.code.tex 2023-01-15 v3.1.10 (3.1.10)
\pgfexternal@startupbox=\box58
) (/nix/store/m0ikp1pfxcv6vfhi7n4mh367v5a6his2-texlive-combined-full-2023-final-texmfdist/tex/generic/pgf/basiclayer/pgfcorelayers.code.tex
File: pgfcorelayers.code.tex 2023-01-15 v3.1.10 (3.1.10)
) (/nix/store/m0ikp1pfxcv6vfhi7n4mh367v5a6his2-texlive-combined-full-2023-final-texmfdist/tex/generic/pgf/basiclayer/pgfcoretransparency.code.tex
File: pgfcoretransparency.code.tex 2023-01-15 v3.1.10 (3.1.10)
) (/nix/store/m0ikp1pfxcv6vfhi7n4mh367v5a6his2-texlive-combined-full-2023-final-texmfdist/tex/generic/pgf/basiclayer/pgfcorepatterns.code.tex
File: pgfcorepatterns.code.tex 2023-01-15 v3.1.10 (3.1.10)
) (/nix/store/m0ikp1pfxcv6vfhi7n4mh367v5a6his2-texlive-combined-full-2023-final-texmfdist/tex/generic/pgf/basiclayer/pgfcorerdf.code.tex
File: pgfcorerdf.code.tex 2023-01-15 v3.1.10 (3.1.10)
))) (/nix/store/m0ikp1pfxcv6vfhi7n4mh367v5a6his2-texlive-combined-full-2023-final-texmfdist/tex/generic/pgf/modules/pgfmoduleshapes.code.tex
File: pgfmoduleshapes.code.tex 2023-01-15 v3.1.10 (3.1.10)
\pgfnodeparttextbox=\box59
) (/nix/store/m0ikp1pfxcv6vfhi7n4mh367v5a6his2-texlive-combined-full-2023-final-texmfdist/tex/generic/pgf/modules/pgfmoduleplot.code.tex
File: pgfmoduleplot.code.tex 2023-01-15 v3.1.10 (3.1.10)
) (/nix/store/m0ikp1pfxcv6vfhi7n4mh367v5a6his2-texlive-combined-full-2023-final-texmfdist/tex/latex/pgf/compatibility/pgfcomp-version-0-65.sty
Package: pgfcomp-version-0-65 2023-01-15 v3.1.10 (3.1.10)
\pgf@nodesepstart=\dimen189
\pgf@nodesepend=\dimen190
) (/nix/store/m0ikp1pfxcv6vfhi7n4mh367v5a6his2-texlive-combined-full-2023-final-texmfdist/tex/latex/pgf/compatibility/pgfcomp-version-1-18.sty
Package: pgfcomp-version-1-18 2023-01-15 v3.1.10 (3.1.10)
)) (/nix/store/m0ikp1pfxcv6vfhi7n4mh367v5a6his2-texlive-combined-full-2023-final-texmfdist/tex/latex/pgf/utilities/pgffor.sty (/nix/store/m0ikp1pfxcv6vfhi7n4mh367v5a6his2-texlive-combined-full-2023-final-texmfdist/tex/latex/pgf/utilities/pgfkeys.sty
(/nix/store/m0ikp1pfxcv6vfhi7n4mh367v5a6his2-texlive-combined-full-2023-final-texmfdist/tex/generic/pgf/utilities/pgfkeys.code.tex)) (/nix/store/m0ikp1pfxcv6vfhi7n4mh367v5a6his2-texlive-combined-full-2023-final-texmfdist/tex/latex/pgf/math/pgfmath.sty (/nix/store/m0ikp1pfxcv6vfhi7n4mh367v5a6his2-texlive-combined-full-2023-final-texmfdist/tex/generic/pgf/math/pgfmath.code.tex)) (/nix/store/m0ikp1pfxcv6vfhi7n4mh367v5a6his2-texlive-combined-full-2023-final-texmfdist/tex/generic/pgf/utilities/pgffor.code.tex
Package: pgffor 2023-01-15 v3.1.10 (3.1.10)
\pgffor@iter=\dimen191
\pgffor@skip=\dimen192
\pgffor@stack=\toks39
\pgffor@toks=\toks40
)) (/nix/store/m0ikp1pfxcv6vfhi7n4mh367v5a6his2-texlive-combined-full-2023-final-texmfdist/tex/generic/pgf/frontendlayer/tikz/tikz.code.tex
Package: tikz 2023-01-15 v3.1.10 (3.1.10)
 (/nix/store/m0ikp1pfxcv6vfhi7n4mh367v5a6his2-texlive-combined-full-2023-final-texmfdist/tex/generic/pgf/libraries/pgflibraryplothandlers.code.tex
File: pgflibraryplothandlers.code.tex 2023-01-15 v3.1.10 (3.1.10)
\pgf@plot@mark@count=\count286
\pgfplotmarksize=\dimen193
)
\tikz@lastx=\dimen194
\tikz@lasty=\dimen195
\tikz@lastxsaved=\dimen196
\tikz@lastysaved=\dimen197
\tikz@lastmovetox=\dimen198
\tikz@lastmovetoy=\dimen199
\tikzleveldistance=\dimen256
\tikzsiblingdistance=\dimen257
\tikz@figbox=\box60
\tikz@figbox@bg=\box61
\tikz@tempbox=\box62
\tikz@tempbox@bg=\box63
\tikztreelevel=\count287
\tikznumberofchildren=\count288
\tikznumberofcurrentchild=\count289
\tikz@fig@count=\count290
 (/nix/store/m0ikp1pfxcv6vfhi7n4mh367v5a6his2-texlive-combined-full-2023-final-texmfdist/tex/generic/pgf/modules/pgfmodulematrix.code.tex
File: pgfmodulematrix.code.tex 2023-01-15 v3.1.10 (3.1.10)
\pgfmatrixcurrentrow=\count291
\pgfmatrixcurrentcolumn=\count292
\pgf@matrix@numberofcolumns=\count293
)
\tikz@expandcount=\count294
 (/nix/store/m0ikp1pfxcv6vfhi7n4mh367v5a6his2-texlive-combined-full-2023-final-texmfdist/tex/generic/pgf/frontendlayer/tikz/libraries/tikzlibrarytopaths.code.tex
File: tikzlibrarytopaths.code.tex 2023-01-15 v3.1.10 (3.1.10)
))) (/nix/store/m0ikp1pfxcv6vfhi7n4mh367v5a6his2-texlive-combined-full-2023-final-texmfdist/tex/generic/tikz-cd/tikzlibrarycd.code.tex (/nix/store/m0ikp1pfxcv6vfhi7n4mh367v5a6his2-texlive-combined-full-2023-final-texmfdist/tex/generic/pgf/frontendlayer/tikz/libraries/tikzlibrarymatrix.code.tex
File: tikzlibrarymatrix.code.tex 2023-01-15 v3.1.10 (3.1.10)
) (/nix/store/m0ikp1pfxcv6vfhi7n4mh367v5a6his2-texlive-combined-full-2023-final-texmfdist/tex/generic/pgf/frontendlayer/tikz/libraries/tikzlibraryquotes.code.tex
File: tikzlibraryquotes.code.tex 2023-01-15 v3.1.10 (3.1.10)
) (/nix/store/m0ikp1pfxcv6vfhi7n4mh367v5a6his2-texlive-combined-full-2023-final-texmfdist/tex/generic/pgf/libraries/pgflibraryarrows.meta.code.tex
File: pgflibraryarrows.meta.code.tex 2023-01-15 v3.1.10 (3.1.10)
\pgfarrowinset=\dimen258
\pgfarrowlength=\dimen259
\pgfarrowwidth=\dimen260
\pgfarrowlinewidth=\dimen261
))) (/nix/store/m0ikp1pfxcv6vfhi7n4mh367v5a6his2-texlive-combined-full-2023-final-texmfdist/tex/latex/thmtools/thmtools.sty
Package: thmtools 2023/05/04 v0.76
\thmt@toks=\toks41
\c@thmt@dummyctr=\count295
 (/nix/store/m0ikp1pfxcv6vfhi7n4mh367v5a6his2-texlive-combined-full-2023-final-texmfdist/tex/latex/thmtools/thm-patch.sty
Package: thm-patch 2023/05/04 v0.76

(/nix/store/m0ikp1pfxcv6vfhi7n4mh367v5a6his2-texlive-combined-full-2023-final-texmfdist/tex/latex/thmtools/parseargs.sty
Package: parseargs 2023/05/04 v0.76
\@parsespec=\toks42
)) (/nix/store/m0ikp1pfxcv6vfhi7n4mh367v5a6his2-texlive-combined-full-2023-final-texmfdist/tex/latex/thmtools/thm-kv.sty
Package: thm-kv 2023/05/04 v0.76
Package thm-kv Info: Theorem names will be uppercased on input line 42.
 (/nix/store/m0ikp1pfxcv6vfhi7n4mh367v5a6his2-texlive-combined-full-2023-final-texmfdist/tex/latex/kvsetkeys/kvsetkeys.sty
Package: kvsetkeys 2022-10-05 v1.19 Key value parser (HO)
)
Package thm-kv Info: kvsetkeys patch (v1.16 or later) on input line 158.
) (/nix/store/m0ikp1pfxcv6vfhi7n4mh367v5a6his2-texlive-combined-full-2023-final-texmfdist/tex/latex/thmtools/thm-autoref.sty
Package: thm-autoref 2023/05/04 v0.76
 (/nix/store/m0ikp1pfxcv6vfhi7n4mh367v5a6his2-texlive-combined-full-2023-final-texmfdist/tex/latex/thmtools/aliasctr.sty
Package: aliasctr 2023/05/04 v0.76
)) (/nix/store/m0ikp1pfxcv6vfhi7n4mh367v5a6his2-texlive-combined-full-2023-final-texmfdist/tex/latex/thmtools/thm-listof.sty
Package: thm-listof 2023/05/04 v0.76
) (/nix/store/m0ikp1pfxcv6vfhi7n4mh367v5a6his2-texlive-combined-full-2023-final-texmfdist/tex/latex/thmtools/thm-restate.sty
Package: thm-restate 2023/05/04 v0.76
) (/nix/store/m0ikp1pfxcv6vfhi7n4mh367v5a6his2-texlive-combined-full-2023-final-texmfdist/tex/latex/thmtools/thm-amsthm.sty
Package: thm-amsthm 2023/05/04 v0.76
\thmt@style@headstyle=\toks43
)) (/nix/store/m0ikp1pfxcv6vfhi7n4mh367v5a6his2-texlive-combined-full-2023-final-texmfdist/tex/latex/setspace/setspace.sty
Package: setspace 2022/12/04 v6.7b set line spacing
) (/nix/store/m0ikp1pfxcv6vfhi7n4mh367v5a6his2-texlive-combined-full-2023-final-texmfdist/tex/latex/geometry/geometry.sty
Package: geometry 2020/01/02 v5.9 Page Geometry
 (/nix/store/m0ikp1pfxcv6vfhi7n4mh367v5a6his2-texlive-combined-full-2023-final-texmfdist/tex/generic/iftex/ifvtex.sty
Package: ifvtex 2019/10/25 v1.7 ifvtex legacy package. Use iftex instead.
 (/nix/store/m0ikp1pfxcv6vfhi7n4mh367v5a6his2-texlive-combined-full-2023-final-texmfdist/tex/generic/iftex/iftex.sty
Package: iftex 2022/02/03 v1.0f TeX engine tests
))
\Gm@cnth=\count296
\Gm@cntv=\count297
\c@Gm@tempcnt=\count298
\Gm@bindingoffset=\dimen262
\Gm@wd@mp=\dimen263
\Gm@odd@mp=\dimen264
\Gm@even@mp=\dimen265
\Gm@layoutwidth=\dimen266
\Gm@layoutheight=\dimen267
\Gm@layouthoffset=\dimen268
\Gm@layoutvoffset=\dimen269
\Gm@dimlist=\toks44
) (/nix/store/m0ikp1pfxcv6vfhi7n4mh367v5a6his2-texlive-combined-full-2023-final-texmfdist/tex/latex/float/float.sty
Package: float 2001/11/08 v1.3d Float enhancements (AL)
\c@float@type=\count299
\float@exts=\toks45
\float@box=\box64
\@float@everytoks=\toks46
\@floatcapt=\box65
) (/nix/store/m0ikp1pfxcv6vfhi7n4mh367v5a6his2-texlive-combined-full-2023-final-texmfdist/tex/latex/hyperref/hyperref.sty
Package: hyperref 2024-01-20 v7.01h Hypertext links for LaTeX
 (/nix/store/m0ikp1pfxcv6vfhi7n4mh367v5a6his2-texlive-combined-full-2023-final-texmfdist/tex/generic/kvdefinekeys/kvdefinekeys.sty
Package: kvdefinekeys 2019-12-19 v1.6 Define keys (HO)
) (/nix/store/m0ikp1pfxcv6vfhi7n4mh367v5a6his2-texlive-combined-full-2023-final-texmfdist/tex/generic/pdfescape/pdfescape.sty
Package: pdfescape 2019/12/09 v1.15 Implements pdfTeX's escape features (HO)

(/nix/store/m0ikp1pfxcv6vfhi7n4mh367v5a6his2-texlive-combined-full-2023-final-texmfdist/tex/generic/ltxcmds/ltxcmds.sty
Package: ltxcmds 2023-12-04 v1.26 LaTeX kernel commands for general use (HO)
) (/nix/store/m0ikp1pfxcv6vfhi7n4mh367v5a6his2-texlive-combined-full-2023-final-texmfdist/tex/generic/pdftexcmds/pdftexcmds.sty
Package: pdftexcmds 2020-06-27 v0.33 Utility functions of pdfTeX for LuaTeX (HO)
 (/nix/store/m0ikp1pfxcv6vfhi7n4mh367v5a6his2-texlive-combined-full-2023-final-texmfdist/tex/generic/infwarerr/infwarerr.sty
Package: infwarerr 2019/12/03 v1.5 Providing info/warning/error messages (HO)
)
Package pdftexcmds Info: \pdf@primitive is available.
Package pdftexcmds Info: \pdf@ifprimitive is available.
Package pdftexcmds Info: \pdfdraftmode found.
)) (/nix/store/m0ikp1pfxcv6vfhi7n4mh367v5a6his2-texlive-combined-full-2023-final-texmfdist/tex/latex/hycolor/hycolor.sty
Package: hycolor 2020-01-27 v1.10 Color options for hyperref/bookmark (HO)
) (/nix/store/m0ikp1pfxcv6vfhi7n4mh367v5a6his2-texlive-combined-full-2023-final-texmfdist/tex/latex/auxhook/auxhook.sty
Package: auxhook 2019-12-17 v1.6 Hooks for auxiliary files (HO)
) (/nix/store/m0ikp1pfxcv6vfhi7n4mh367v5a6his2-texlive-combined-full-2023-final-texmfdist/tex/latex/hyperref/nameref.sty
Package: nameref 2023-11-26 v2.56 Cross-referencing by name of section
 (/nix/store/m0ikp1pfxcv6vfhi7n4mh367v5a6his2-texlive-combined-full-2023-final-texmfdist/tex/latex/refcount/refcount.sty
Package: refcount 2019/12/15 v3.6 Data extraction from label references (HO)
) (/nix/store/m0ikp1pfxcv6vfhi7n4mh367v5a6his2-texlive-combined-full-2023-final-texmfdist/tex/generic/gettitlestring/gettitlestring.sty
Package: gettitlestring 2019/12/15 v1.6 Cleanup title references (HO)
 (/nix/store/m0ikp1pfxcv6vfhi7n4mh367v5a6his2-texlive-combined-full-2023-final-texmfdist/tex/latex/kvoptions/kvoptions.sty
Package: kvoptions 2022-06-15 v3.15 Key value format for package options (HO)
))
\c@section@level=\count300
) (/nix/store/m0ikp1pfxcv6vfhi7n4mh367v5a6his2-texlive-combined-full-2023-final-texmfdist/tex/latex/etoolbox/etoolbox.sty
Package: etoolbox 2020/10/05 v2.5k e-TeX tools for LaTeX (JAW)
\etb@tempcnta=\count301
)
\@linkdim=\dimen270
\Hy@linkcounter=\count302
\Hy@pagecounter=\count303
 (/nix/store/m0ikp1pfxcv6vfhi7n4mh367v5a6his2-texlive-combined-full-2023-final-texmfdist/tex/latex/hyperref/pd1enc.def
File: pd1enc.def 2024-01-20 v7.01h Hyperref: PDFDocEncoding definition (HO)
Now handling font encoding PD1 ...
... no UTF-8 mapping file for font encoding PD1
) (/nix/store/m0ikp1pfxcv6vfhi7n4mh367v5a6his2-texlive-combined-full-2023-final-texmfdist/tex/generic/intcalc/intcalc.sty
Package: intcalc 2019/12/15 v1.3 Expandable calculations with integers (HO)
)
\Hy@SavedSpaceFactor=\count304
 (/nix/store/m0ikp1pfxcv6vfhi7n4mh367v5a6his2-texlive-combined-full-2023-final-texmfdist/tex/latex/hyperref/puenc.def
File: puenc.def 2024-01-20 v7.01h Hyperref: PDF Unicode definition (HO)
Now handling font encoding PU ...
... no UTF-8 mapping file for font encoding PU
)
Package hyperref Info: Hyper figures OFF on input line 4179.
Package hyperref Info: Link nesting OFF on input line 4184.
Package hyperref Info: Hyper index ON on input line 4187.
Package hyperref Info: Plain pages OFF on input line 4194.
Package hyperref Info: Backreferencing OFF on input line 4199.
Package hyperref Info: Implicit mode ON; LaTeX internals redefined.
Package hyperref Info: Bookmarks ON on input line 4446.
\c@Hy@tempcnt=\count305
 (/nix/store/m0ikp1pfxcv6vfhi7n4mh367v5a6his2-texlive-combined-full-2023-final-texmfdist/tex/latex/url/url.sty
\Urlmuskip=\muskip17
Package: url 2013/09/16  ver 3.4  Verb mode for urls, etc.
)
LaTeX Info: Redefining \url on input line 4784.
\XeTeXLinkMargin=\dimen271
 (/nix/store/m0ikp1pfxcv6vfhi7n4mh367v5a6his2-texlive-combined-full-2023-final-texmfdist/tex/generic/bitset/bitset.sty
Package: bitset 2019/12/09 v1.3 Handle bit-vector datatype (HO)
 (/nix/store/m0ikp1pfxcv6vfhi7n4mh367v5a6his2-texlive-combined-full-2023-final-texmfdist/tex/generic/bigintcalc/bigintcalc.sty
Package: bigintcalc 2019/12/15 v1.5 Expandable calculations on big integers (HO)
))
\Fld@menulength=\count306
\Field@Width=\dimen272
\Fld@charsize=\dimen273
Package hyperref Info: Hyper figures OFF on input line 6063.
Package hyperref Info: Link nesting OFF on input line 6068.
Package hyperref Info: Hyper index ON on input line 6071.
Package hyperref Info: backreferencing OFF on input line 6078.
Package hyperref Info: Link coloring OFF on input line 6083.
Package hyperref Info: Link coloring with OCG OFF on input line 6088.
Package hyperref Info: PDF/A mode OFF on input line 6093.

(/nix/store/m0ikp1pfxcv6vfhi7n4mh367v5a6his2-texlive-combined-full-2023-final-texmfdist/tex/latex/base/atbegshi-ltx.sty
Package: atbegshi-ltx 2021/01/10 v1.0c Emulation of the original atbegshi
package with kernel methods
)
\Hy@abspage=\count307
\c@Item=\count308
\c@Hfootnote=\count309
)
Package hyperref Info: Driver (autodetected): hpdftex.
 (/nix/store/m0ikp1pfxcv6vfhi7n4mh367v5a6his2-texlive-combined-full-2023-final-texmfdist/tex/latex/hyperref/hpdftex.def
File: hpdftex.def 2024-01-20 v7.01h Hyperref driver for pdfTeX
 (/nix/store/m0ikp1pfxcv6vfhi7n4mh367v5a6his2-texlive-combined-full-2023-final-texmfdist/tex/latex/base/atveryend-ltx.sty
Package: atveryend-ltx 2020/08/19 v1.0a Emulation of the original atveryend package
with kernel methods
)
\Fld@listcount=\count310
\c@bookmark@seq@number=\count311
 (/nix/store/m0ikp1pfxcv6vfhi7n4mh367v5a6his2-texlive-combined-full-2023-final-texmfdist/tex/latex/rerunfilecheck/rerunfilecheck.sty
Package: rerunfilecheck 2022-07-10 v1.10 Rerun checks for auxiliary files (HO)
 (/nix/store/m0ikp1pfxcv6vfhi7n4mh367v5a6his2-texlive-combined-full-2023-final-texmfdist/tex/generic/uniquecounter/uniquecounter.sty
Package: uniquecounter 2019/12/15 v1.4 Provide unlimited unique counter (HO)
)
Package uniquecounter Info: New unique counter `rerunfilecheck' on input line 285.
)
\Hy@SectionHShift=\skip56
) (/nix/store/m0ikp1pfxcv6vfhi7n4mh367v5a6his2-texlive-combined-full-2023-final-texmfdist/tex/latex/base/inputenc.sty
Package: inputenc 2021/02/14 v1.3d Input encoding file
\inpenc@prehook=\toks47
\inpenc@posthook=\toks48
) (/nix/store/m0ikp1pfxcv6vfhi7n4mh367v5a6his2-texlive-combined-full-2023-final-texmfdist/tex/generic/babel/babel.sty
Package: babel 2024/02/07 v24.2 The Babel package
\babel@savecnt=\count312
\U@D=\dimen274
\l@unhyphenated=\language89
 (/nix/store/m0ikp1pfxcv6vfhi7n4mh367v5a6his2-texlive-combined-full-2023-final-texmfdist/tex/generic/babel/txtbabel.def)
\bbl@readstream=\read3
\bbl@dirlevel=\count313
 (/nix/store/m0ikp1pfxcv6vfhi7n4mh367v5a6his2-texlive-combined-full-2023-final-texmfdist/tex/generic/babel-english/english.ldf
Language: english 2017/06/06 v3.3r English support from the babel system
Package babel Info: Hyphen rules for 'canadian' set to \l@english
(babel)             (\language0). Reported on input line 102.
Package babel Info: Hyphen rules for 'australian' set to \l@ukenglish
(babel)             (\language23). Reported on input line 105.
Package babel Info: Hyphen rules for 'newzealand' set to \l@ukenglish
(babel)             (\language23). Reported on input line 108.
)) (/nix/store/m0ikp1pfxcv6vfhi7n4mh367v5a6his2-texlive-combined-full-2023-final-texmfdist/tex/generic/babel/locale/en/babel-english.tex
Package babel Info: Importing font and identification data for english
(babel)             from babel-en.ini. Reported on input line 11.
) (/nix/store/m0ikp1pfxcv6vfhi7n4mh367v5a6his2-texlive-combined-full-2023-final-texmfdist/tex/latex/framed/framed.sty
Package: framed 2011/10/22 v 0.96: framed or shaded text with page breaks
\OuterFrameSep=\skip57
\fb@frw=\dimen275
\fb@frh=\dimen276
\FrameRule=\dimen277
\FrameSep=\dimen278
) (/nix/store/m0ikp1pfxcv6vfhi7n4mh367v5a6his2-texlive-combined-full-2023-final-texmfdist/tex/latex/graphics/dvipsnam.def
File: dvipsnam.def 2016/06/17 v3.0m Driver-dependent file (DPC,SPQR)
) (/nix/store/m0ikp1pfxcv6vfhi7n4mh367v5a6his2-texlive-combined-full-2023-final-texmfdist/tex/latex/tcolorbox/tcolorbox.sty
Package: tcolorbox 2024/01/10 version 6.2.0 text color boxes
 (/nix/store/m0ikp1pfxcv6vfhi7n4mh367v5a6his2-texlive-combined-full-2023-final-texmfdist/tex/latex/tools/verbatim.sty
Package: verbatim 2023-11-06 v1.5v LaTeX2e package for verbatim enhancements
\every@verbatim=\toks49
\verbatim@line=\toks50
\verbatim@in@stream=\read4
) (/nix/store/m0ikp1pfxcv6vfhi7n4mh367v5a6his2-texlive-combined-full-2023-final-texmfdist/tex/latex/environ/environ.sty
Package: environ 2014/05/04 v0.3 A new way to define environments
 (/nix/store/m0ikp1pfxcv6vfhi7n4mh367v5a6his2-texlive-combined-full-2023-final-texmfdist/tex/latex/trimspaces/trimspaces.sty
Package: trimspaces 2009/09/17 v1.1 Trim spaces around a token list
))
\tcb@titlebox=\box66
\tcb@upperbox=\box67
\tcb@lowerbox=\box68
\tcb@phantombox=\box69
\c@tcbbreakpart=\count314
\c@tcblayer=\count315
\c@tcolorbox@number=\count316
\l__tcobox_tmpa_box=\box70
\l__tcobox_tmpa_dim=\dimen279
\tcb@temp=\box71
\tcb@temp=\box72
\tcb@temp=\box73
\tcb@temp=\box74
)
(/nix/store/m0ikp1pfxcv6vfhi7n4mh367v5a6his2-texlive-combined-full-2023-final-texmfdist/tex/generic/pgf/frontendlayer/tikz/libraries/tikzlibrarypatterns.code.tex
File: tikzlibrarypatterns.code.tex 2023-01-15 v3.1.10 (3.1.10)
 (/nix/store/m0ikp1pfxcv6vfhi7n4mh367v5a6his2-texlive-combined-full-2023-final-texmfdist/tex/generic/pgf/libraries/pgflibrarypatterns.code.tex
File: pgflibrarypatterns.code.tex 2023-01-15 v3.1.10 (3.1.10)
))
Package thmtools Info: Key `name' (with value `')
(thmtools)             is not a known style key.
(thmtools)             Will pass this to every \declaretheorem
(thmtools)             that uses `style=thmsty' on input line 24.
\c@theorem=\count317
Package thmtools Info: Key `name' (with value `')
(thmtools)             is not a known style key.
(thmtools)             Will pass this to every \declaretheorem
(thmtools)             that uses `style=prosty' on input line 28.
Package thmtools Info: Key `name' (with value `')
(thmtools)             is not a known style key.
(thmtools)             Will pass this to every \declaretheorem
(thmtools)             that uses `style=prcpsty' on input line 32.
 (/nix/store/m0ikp1pfxcv6vfhi7n4mh367v5a6his2-texlive-combined-full-2023-final-texmfdist/tex/latex/l3backend/l3backend-pdftex.def
File: l3backend-pdftex.def 2024-02-20 L3 backend support: PDF output (pdfTeX)
\l__color_backend_stack_int=\count318
\l__pdf_internal_box=\box75
) (./superconductivity.aux

LaTeX Warning: Label `fig:' multiply defined.


LaTeX Warning: Label `fig:' multiply defined.


LaTeX Warning: Label `fig:' multiply defined.


LaTeX Warning: Label `fig:' multiply defined.


LaTeX Warning: Label `fig:' multiply defined.


LaTeX Warning: Label `fig:' multiply defined.


LaTeX Warning: Label `fig:' multiply defined.


LaTeX Warning: Label `fig:' multiply defined.

)
\openout1 = `superconductivity.aux'.

LaTeX Font Info:    Checking defaults for OML/cmm/m/it on input line 48.
LaTeX Font Info:    ... okay on input line 48.
LaTeX Font Info:    Checking defaults for OMS/cmsy/m/n on input line 48.
LaTeX Font Info:    ... okay on input line 48.
LaTeX Font Info:    Checking defaults for OT1/cmr/m/n on input line 48.
LaTeX Font Info:    ... okay on input line 48.
LaTeX Font Info:    Checking defaults for T1/cmr/m/n on input line 48.
LaTeX Font Info:    ... okay on input line 48.
LaTeX Font Info:    Checking defaults for TS1/cmr/m/n on input line 48.
LaTeX Font Info:    ... okay on input line 48.
LaTeX Font Info:    Checking defaults for OMX/cmex/m/n on input line 48.
LaTeX Font Info:    ... okay on input line 48.
LaTeX Font Info:    Checking defaults for U/cmr/m/n on input line 48.
LaTeX Font Info:    ... okay on input line 48.
LaTeX Font Info:    Checking defaults for PD1/pdf/m/n on input line 48.
LaTeX Font Info:    ... okay on input line 48.
LaTeX Font Info:    Checking defaults for PU/pdf/m/n on input line 48.
LaTeX Font Info:    ... okay on input line 48.
 (/nix/store/m0ikp1pfxcv6vfhi7n4mh367v5a6his2-texlive-combined-full-2023-final-texmfdist/tex/context/base/mkii/supp-pdf.mkii
[Loading MPS to PDF converter (version 2006.09.02).]
\scratchcounter=\count319
\scratchdimen=\dimen280
\scratchbox=\box76
\nofMPsegments=\count320
\nofMParguments=\count321
\everyMPshowfont=\toks51
\MPscratchCnt=\count322
\MPscratchDim=\dimen281
\MPnumerator=\count323
\makeMPintoPDFobject=\count324
\everyMPtoPDFconversion=\toks52
) (/nix/store/m0ikp1pfxcv6vfhi7n4mh367v5a6his2-texlive-combined-full-2023-final-texmfdist/tex/latex/epstopdf-pkg/epstopdf-base.sty
Package: epstopdf-base 2020-01-24 v2.11 Base part for package epstopdf
Package epstopdf-base Info: Redefining graphics rule for `.eps' on input line 485.
 (/nix/store/m0ikp1pfxcv6vfhi7n4mh367v5a6his2-texlive-combined-full-2023-final-texmfdist/tex/latex/latexconfig/epstopdf-sys.cfg
File: epstopdf-sys.cfg 2010/07/13 v1.3 Configuration of (r)epstopdf for TeX Live
))
*geometry* driver: auto-detecting
*geometry* detected driver: pdftex
*geometry* verbose mode - [ preamble ] result:
* driver: pdftex
* paper: <default>
* layout: <same size as paper>
* layoutoffset:(h,v)=(0.0pt,0.0pt)
* modes: 
* h-part:(L,W,R)=(108.405pt, 397.48499pt, 108.40501pt)
* v-part:(T,H,B)=(72.26999pt, 650.43pt, 72.27pt)
* \paperwidth=614.295pt
* \paperheight=794.96999pt
* \textwidth=397.48499pt
* \textheight=650.43pt
* \oddsidemargin=36.13501pt
* \evensidemargin=36.13501pt
* \topmargin=-37.0pt
* \headheight=12.0pt
* \headsep=25.0pt
* \topskip=10.0pt
* \footskip=30.0pt
* \marginparwidth=65.0pt
* \marginparsep=11.0pt
* \columnsep=10.0pt
* \skip\footins=9.0pt plus 4.0pt minus 2.0pt
* \hoffset=0.0pt
* \voffset=0.0pt
* \mag=1000
* \@twocolumnfalse
* \@twosidefalse
* \@mparswitchfalse
* \@reversemarginfalse
* (1in=72.27pt=25.4mm, 1cm=28.453pt)

Package hyperref Info: Link coloring OFF on input line 48.
(./superconductivity.out) (./superconductivity.out)
\@outlinefile=\write4
\openout4 = `superconductivity.out'.

LaTeX Font Info:    Trying to load font information for U+msa on input line 67.
 (/nix/store/m0ikp1pfxcv6vfhi7n4mh367v5a6his2-texlive-combined-full-2023-final-texmfdist/tex/latex/amsfonts/umsa.fd
File: umsa.fd 2013/01/14 v3.01 AMS symbols A
)
LaTeX Font Info:    Trying to load font information for U+msb on input line 67.
 (/nix/store/m0ikp1pfxcv6vfhi7n4mh367v5a6his2-texlive-combined-full-2023-final-texmfdist/tex/latex/amsfonts/umsb.fd
File: umsb.fd 2013/01/14 v3.01 AMS symbols B
) [1

{/nix/store/r1416ad3hn86b3dnv5bpaxf1qkzs5ngj-texlive-combined-full-2023-final/share/texmf-var/fonts/map/pdftex/updmap/pdftex.map}] (./superconductivity.toc [2])
\tf@toc=\write5
\openout5 = `superconductivity.toc'.

 [3] [4]
Overfull \hbox (3.71014pt too wide) in paragraph at lines 80--81
\OT1/cmr/m/n/10 In 1911, Heike Kamer-lingh Onnes dis-cov-ered that the elec-tri-cal re-sis-tance of mer-cury abruptly
 []

<figures/1.png, id=188, 540.0175pt x 357.335pt>
File: figures/1.png Graphic file (type png)
<use figures/1.png>
Package pdftex.def Info: figures/1.png  used on input line 96.
(pdftex.def)             Requested size: 198.7425pt x 131.5085pt.
<figures/2.png, id=189, 1174.3875pt x 507.8975pt>
File: figures/2.png Graphic file (type png)
<use figures/2.png>
Package pdftex.def Info: figures/2.png  used on input line 106.
(pdftex.def)             Requested size: 377.60951pt x 163.30551pt.
[5 <./figures/1.png (PNG copy)>]
<figures/3.png, id=197, 534.99875pt x 403.5075pt>
File: figures/3.png Graphic file (type png)
<use figures/3.png>
Package pdftex.def Info: figures/3.png  used on input line 126.
(pdftex.def)             Requested size: 377.60951pt x 284.81146pt.
<figures/4.png, id=198, 779.91376pt x 406.51875pt>
File: figures/4.png Graphic file (type png)
<use figures/4.png>
Package pdftex.def Info: figures/4.png  used on input line 133.
(pdftex.def)             Requested size: 377.60951pt x 196.82019pt.
Package hyperref Info: bookmark level for unknown theorem defaults to 0 on input line 151.
 [6 <./figures/2.png (PNG copy)>] [7 <./figures/3.png (PNG copy)> <./figures/4.png (PNG copy)>] [8] [9]
Overfull \hbox (11.71959pt too wide) in paragraph at lines 252--252
[]\OT1/cmr/bx/n/14.4 Distinction Be-tween Su-per-con-duc-tors and Per-fect Con-
 []

[10] [11]
<figures/5.png, id=260, 578.16pt x 599.23875pt>
File: figures/5.png Graphic file (type png)
<use figures/5.png>
Package pdftex.def Info: figures/5.png  used on input line 335.
(pdftex.def)             Requested size: 198.7425pt x 205.98781pt.
 [12 <./figures/5.png (PNG copy)>]
<figures/6.png, id=269, 448.67625pt x 369.38pt>
File: figures/6.png Graphic file (type png)
<use figures/6.png>
Package pdftex.def Info: figures/6.png  used on input line 376.
(pdftex.def)             Requested size: 178.86702pt x 147.25339pt.
 [13 <./figures/6.png (PNG copy)>] [14] [15]
<figures/8.png, id=291, 1404.24625pt x 407.5225pt>
File: figures/8.png Graphic file (type png)
<use figures/8.png>
Package pdftex.def Info: figures/8.png  used on input line 503.
(pdftex.def)             Requested size: 377.60951pt x 109.58482pt.
 [16 <./figures/8.png (PNG copy)>] [17] [18{/nix/store/m0ikp1pfxcv6vfhi7n4mh367v5a6his2-texlive-combined-full-2023-final-texmfdist/fonts/enc/dvips/cm-super/cm-super-ts1.enc}] [19
pdfTeX warning (ext4): destination with the same identifier (name{equation.19.8}) has been already used, duplicate ignored
<argument> ...shipout:D \box_use:N \l_shipout_box 
                                                  \__shipout_drop_firstpage_...
l.644 
      ] [20
pdfTeX warning (ext4): destination with the same identifier (name{equation.19.9}) has been already used, duplicate ignored
<argument> ...shipout:D \box_use:N \l_shipout_box 
                                                  \__shipout_drop_firstpage_...
l.665 \]
        ]

Package hyperref Warning: Token not allowed in a PDF string (Unicode):
(hyperref)                removing `math shift' on input line 677.


Package hyperref Warning: Token not allowed in a PDF string (Unicode):
(hyperref)                removing `\psi' on input line 677.


Package hyperref Warning: Token not allowed in a PDF string (Unicode):
(hyperref)                removing `math shift' on input line 677.

<figures/9.png, id=338, 1342.01375pt x 494.84875pt>
File: figures/9.png Graphic file (type png)
<use figures/9.png>
Package pdftex.def Info: figures/9.png  used on input line 683.
(pdftex.def)             Requested size: 377.60951pt x 139.23627pt.
[21 <./figures/9.png (PNG copy)>]

Package hyperref Warning: Token not allowed in a PDF string (Unicode):
(hyperref)                removing `math shift' on input line 738.


Package hyperref Warning: Token not allowed in a PDF string (Unicode):
(hyperref)                removing `\xi' on input line 738.


Package hyperref Warning: Token not allowed in a PDF string (Unicode):
(hyperref)                removing `math shift' on input line 738.

[22]

Package hyperref Warning: Token not allowed in a PDF string (Unicode):
(hyperref)                removing `math shift' on input line 770.


Package hyperref Warning: Token not allowed in a PDF string (Unicode):
(hyperref)                removing `math shift' on input line 770.

[23]
<figures/7.png, id=370, 778.91pt x 495.8525pt>
File: figures/7.png Graphic file (type png)
<use figures/7.png>
Package pdftex.def Info: figures/7.png  used on input line 820.
(pdftex.def)             Requested size: 258.36281pt x 164.47166pt.
 [24 <./figures/7.png (PNG copy)>] [25] (./superconductivity.aux)
 ***********
LaTeX2e <2023-11-01> patch level 1
L3 programming layer <2024-02-20>
 ***********


LaTeX Warning: There were multiply-defined labels.

Package rerunfilecheck Info: File `superconductivity.out' has not changed.
(rerunfilecheck)             Checksum: 203411321B4EC5D496764E5D0135A073;7358.
 ) 
Here is how much of TeX's memory you used:
 25746 strings out of 474116
 523568 string characters out of 5717523
 1945187 words of memory out of 5000000
 47521 multiletter control sequences out of 15000+600000
 569087 words of font info for 78 fonts, out of 8000000 for 9000
 1141 hyphenation exceptions out of 8191
 116i,14n,121p,689b,541s stack positions out of 10000i,1000n,20000p,200000b,200000s
</nix/store/m0ikp1pfxcv6vfhi7n4mh367v5a6his2-texlive-combined-full-2023-final-texmfdist/fonts/type1/public/amsfonts/cm/cmbx10.pfb></nix/store/m0ikp1pfxcv6vfhi7n4mh367v5a6his2-texlive-combined-full-2023-final-texmfdist/fonts/type1/public/amsfonts/cm/cmbx12.pfb></nix/store/m0ikp1pfxcv6vfhi7n4mh367v5a6his2-texlive-combined-full-2023-final-texmfdist/fonts/type1/public/amsfonts/cm/cmcsc10.pfb></nix/store/m0ikp1pfxcv6vfhi7n4mh367v5a6his2-texlive-combined-full-2023-final-texmfdist/fonts/type1/public/amsfonts/cm/cmex10.pfb></nix/store/m0ikp1pfxcv6vfhi7n4mh367v5a6his2-texlive-combined-full-2023-final-texmfdist/fonts/type1/public/amsfonts/cm/cmmi10.pfb></nix/store/m0ikp1pfxcv6vfhi7n4mh367v5a6his2-texlive-combined-full-2023-final-texmfdist/fonts/type1/public/amsfonts/cm/cmmi12.pfb></nix/store/m0ikp1pfxcv6vfhi7n4mh367v5a6his2-texlive-combined-full-2023-final-texmfdist/fonts/type1/public/amsfonts/cm/cmmi5.pfb></nix/store/m0ikp1pfxcv6vfhi7n4mh367v5a6his2-texlive-combined-full-2023-final-texmfdist/fonts/type1/public/amsfonts/cm/cmmi7.pfb></nix/store/m0ikp1pfxcv6vfhi7n4mh367v5a6his2-texlive-combined-full-2023-final-texmfdist/fonts/type1/public/amsfonts/cm/cmr10.pfb></nix/store/m0ikp1pfxcv6vfhi7n4mh367v5a6his2-texlive-combined-full-2023-final-texmfdist/fonts/type1/public/amsfonts/cm/cmr12.pfb></nix/store/m0ikp1pfxcv6vfhi7n4mh367v5a6his2-texlive-combined-full-2023-final-texmfdist/fonts/type1/public/amsfonts/cm/cmr5.pfb></nix/store/m0ikp1pfxcv6vfhi7n4mh367v5a6his2-texlive-combined-full-2023-final-texmfdist/fonts/type1/public/amsfonts/cm/cmr7.pfb></nix/store/m0ikp1pfxcv6vfhi7n4mh367v5a6his2-texlive-combined-full-2023-final-texmfdist/fonts/type1/public/amsfonts/cm/cmsy10.pfb></nix/store/m0ikp1pfxcv6vfhi7n4mh367v5a6his2-texlive-combined-full-2023-final-texmfdist/fonts/type1/public/amsfonts/cm/cmsy5.pfb></nix/store/m0ikp1pfxcv6vfhi7n4mh367v5a6his2-texlive-combined-full-2023-final-texmfdist/fonts/type1/public/amsfonts/cm/cmsy7.pfb></nix/store/m0ikp1pfxcv6vfhi7n4mh367v5a6his2-texlive-comb
ined-full-2023-final-texmfdist/fonts/type1/public/amsfonts/cm/cmti10.pfb></nix/store/m0ikp1pfxcv6vfhi7n4mh367v5a6his2-texlive-combined-full-2023-final-texmfdist/fonts/type1/public/amsfonts/symbols/msbm10.pfb></nix/store/m0ikp1pfxcv6vfhi7n4mh367v5a6his2-texlive-combined-full-2023-final-texmfdist/fonts/type1/public/amsfonts/symbols/msbm7.pfb></nix/store/m0ikp1pfxcv6vfhi7n4mh367v5a6his2-texlive-combined-full-2023-final-texmfdist/fonts/type1/public/cm-super/sfrm1000.pfb>
Output written on superconductivity.pdf (25 pages, 3417182 bytes).
PDF statistics:
 507 PDF objects out of 1000 (max. 8388607)
 428 compressed objects within 5 object streams
 151 named destinations out of 1000 (max. 500000)
 306 words of extra memory for PDF output out of 10000 (max. 10000000)

