\BOOKMARK [1][-]{section*.2}{\376\377\000P\000r\000e\000f\000a\000c\000e}{}% 1
\BOOKMARK [1][-]{section.1}{\376\377\000G\000i\000n\000z\000b\000u\000r\000g\000-\000L\000a\000n\000d\000a\000u}{}% 2
\BOOKMARK [2][-]{subsection.1.1}{\376\377\000I\000n\000t\000r\000o\000d\000u\000c\000t\000i\000o\000n}{section.1}% 3
\BOOKMARK [2][-]{subsection.1.2}{\376\377\000C\000r\000i\000t\000i\000c\000a\000l\000\040\000F\000i\000e\000l\000d}{section.1}% 4
\BOOKMARK [2][-]{subsection.1.3}{\376\377\000E\000m\000p\000i\000r\000i\000c\000a\000l\000\040\000R\000e\000l\000a\000t\000i\000o\000n\000\040\000f\000o\000r\000\040\000C\000r\000i\000t\000i\000c\000a\000l\000\040\000F\000i\000e\000l\000d}{section.1}% 5
\BOOKMARK [2][-]{subsection.1.4}{\376\377\000T\000y\000p\000e\000\040\000I\000\040\000a\000n\000d\000\040\000T\000y\000p\000e\000\040\000I\000I\000\040\000S\000u\000p\000e\000r\000c\000o\000n\000d\000u\000c\000t\000o\000r\000s}{section.1}% 6
\BOOKMARK [2][-]{subsection.1.5}{\376\377\000C\000o\000m\000p\000a\000r\000i\000s\000o\000n\000\040\000b\000e\000t\000w\000e\000e\000n\000\040\000T\000y\000p\000e\000\040\000I\000\040\000a\000n\000d\000\040\000T\000y\000p\000e\000\040\000I\000I\000\040\000S\000u\000p\000e\000r\000c\000o\000n\000d\000u\000c\000t\000o\000r\000s}{section.1}% 7
\BOOKMARK [3][-]{subsubsection.1.5.1}{\376\377\000T\000y\000p\000e\000\040\000I\000\040\000S\000u\000p\000e\000r\000c\000o\000n\000d\000u\000c\000t\000o\000r\000s}{subsection.1.5}% 8
\BOOKMARK [3][-]{subsubsection.1.5.2}{\376\377\000T\000y\000p\000e\000\040\000I\000I\000\040\000S\000u\000p\000e\000r\000c\000o\000n\000d\000u\000c\000t\000o\000r\000s}{subsection.1.5}% 9
\BOOKMARK [2][-]{subsection.1.6}{\376\377\000L\000o\000n\000d\000o\000n\000\040\000E\000q\000u\000a\000t\000i\000o\000n\000s\000\040\000a\000n\000d\000\040\000S\000u\000p\000e\000r\000c\000o\000n\000d\000u\000c\000t\000o\000r\000s}{section.1}% 10
\BOOKMARK [2][-]{subsection.1.7}{\376\377\000M\000a\000g\000n\000e\000t\000i\000c\000\040\000F\000i\000e\000l\000d\000\040\000D\000e\000c\000a\000y\000\040\000i\000n\000\040\000a\000\040\000O\000n\000e\000-\000D\000i\000m\000e\000n\000s\000i\000o\000n\000a\000l\000\040\000P\000e\000r\000f\000e\000c\000t\000\040\000C\000o\000n\000d\000u\000c\000t\000o\000r}{section.1}% 11
\BOOKMARK [2][-]{subsection.1.8}{\376\377\000D\000i\000s\000t\000i\000n\000c\000t\000i\000o\000n\000\040\000B\000e\000t\000w\000e\000e\000n\000\040\000S\000u\000p\000e\000r\000c\000o\000n\000d\000u\000c\000t\000o\000r\000s\000\040\000a\000n\000d\000\040\000P\000e\000r\000f\000e\000c\000t\000\040\000C\000o\000n\000d\000u\000c\000t\000o\000r\000s}{section.1}% 12
\BOOKMARK [2][-]{subsection.1.9}{\376\377\000L\000o\000n\000d\000o\000n\000\040\000E\000q\000u\000a\000t\000i\000o\000n\000s\000\040\000a\000n\000d\000\040\000t\000h\000e\000\040\000M\000e\000i\000s\000s\000n\000e\000r\000\040\000E\000f\000f\000e\000c\000t}{section.1}% 13
\BOOKMARK [3][-]{subsubsection.1.9.1}{\376\377\000S\000e\000c\000o\000n\000d\000\040\000L\000o\000n\000d\000o\000n\000\040\000E\000q\000u\000a\000t\000i\000o\000n}{subsection.1.9}% 14
\BOOKMARK [2][-]{subsection.1.10}{\376\377\000M\000a\000g\000n\000e\000t\000i\000c\000\040\000V\000e\000c\000t\000o\000r\000\040\000P\000o\000t\000e\000n\000t\000i\000a\000l\000\040\000a\000n\000d\000\040\000t\000h\000e\000\040\000C\000o\000u\000l\000o\000m\000b\000\040\000G\000a\000u\000g\000e}{section.1}% 15
\BOOKMARK [2][-]{subsection.1.11}{\376\377\000F\000i\000e\000l\000d\000\040\000a\000n\000d\000\040\000C\000u\000r\000r\000e\000n\000t\000\040\000i\000n\000\040\000a\000\040\000S\000u\000p\000e\000r\000c\000o\000n\000d\000u\000c\000t\000o\000r\000\040\000w\000i\000t\000h\000\040\000a\000\040\000V\000a\000r\000y\000i\000n\000g\000\040\000M\000a\000g\000n\000e\000t\000i\000c\000\040\000F\000i\000e\000l\000d}{section.1}% 16
\BOOKMARK [2][-]{subsection.1.12}{\376\377\000M\000a\000g\000n\000e\000t\000i\000c\000\040\000F\000i\000e\000l\000d\000\040\000D\000e\000c\000a\000y\000\040\000i\000n\000\040\000S\000u\000p\000e\000r\000c\000o\000n\000d\000u\000c\000t\000o\000r\000s}{section.1}% 17
\BOOKMARK [2][-]{subsection.1.13}{\376\377\000P\000e\000n\000e\000t\000r\000a\000t\000i\000o\000n\000\040\000D\000e\000p\000t\000h\000\040\000f\000o\000r\000\040\000D\000i\000f\000f\000e\000r\000e\000n\000t\000\040\000E\000l\000e\000m\000e\000n\000t\000s}{section.1}% 18
\BOOKMARK [2][-]{subsection.1.14}{\376\377\000T\000e\000m\000p\000e\000r\000a\000t\000u\000r\000e\000\040\000D\000e\000p\000e\000n\000d\000e\000n\000c\000e\000\040\000o\000f\000\040\000t\000h\000e\000\040\000P\000e\000n\000e\000t\000r\000a\000t\000i\000o\000n\000\040\000D\000e\000p\000t\000h}{section.1}% 19
\BOOKMARK [2][-]{subsection.1.15}{\376\377\000T\000h\000i\000r\000d\000\040\000C\000o\000n\000c\000l\000u\000s\000i\000o\000n\000:\000\040\000S\000u\000r\000f\000a\000c\000e\000\040\000C\000u\000r\000r\000e\000n\000t\000s\000\040\000i\000n\000\040\000S\000u\000p\000e\000r\000c\000o\000n\000d\000u\000c\000t\000o\000r\000s}{section.1}% 20
\BOOKMARK [2][-]{subsection.1.16}{\376\377\000T\000h\000e\000r\000m\000o\000d\000y\000n\000a\000m\000i\000c\000s\000\040\000o\000f\000\040\000S\000u\000p\000e\000r\000c\000o\000n\000d\000u\000c\000t\000o\000r\000s}{section.1}% 21
\BOOKMARK [2][-]{subsection.1.17}{\376\377\000T\000h\000e\000r\000m\000o\000d\000y\000n\000a\000m\000i\000c\000\040\000P\000o\000t\000e\000n\000t\000i\000a\000l\000\040\000o\000f\000\040\000S\000u\000p\000e\000r\000c\000o\000n\000d\000u\000c\000t\000o\000r\000s}{section.1}% 22
\BOOKMARK [2][-]{subsection.1.18}{\376\377\000G\000i\000n\000z\000b\000u\000r\000g\000-\000L\000a\000n\000d\000a\000u\000\040\000T\000h\000e\000o\000r\000y}{section.1}% 23
\BOOKMARK [2][-]{subsection.1.19}{\376\377\000G\000i\000n\000z\000b\000u\000r\000g\000-\000L\000a\000n\000d\000a\000u\000\040\000T\000h\000e\000o\000r\000y\000\040\000f\000o\000r\000\040\000S\000u\000p\000e\000r\000c\000o\000n\000d\000u\000c\000t\000o\000r\000s}{section.1}% 24
\BOOKMARK [2][-]{subsection.1.20}{\376\377\000B\000o\000u\000n\000d\000a\000r\000y\000\040\000C\000o\000n\000d\000i\000t\000i\000o\000n}{section.1}% 25
\BOOKMARK [2][-]{subsection.1.21}{\376\377\000F\000r\000e\000e\000\040\000E\000n\000e\000r\000g\000y\000\040\000i\000n\000\040\000t\000h\000e\000\040\000L\000o\000n\000d\000o\000n\000\040\000L\000i\000m\000i\000t}{section.1}% 26
\BOOKMARK [2][-]{subsection.1.22}{\376\377\000E\000q\000u\000i\000l\000i\000b\000r\000i\000u\000m\000\040\000v\000a\000l\000u\000e\000\040\000o\000f\000\040\000|\000|\000\040\000a\000n\000d\000\040\000d\000e\000t\000e\000r\000m\000i\000n\000a\000t\000i\000o\000n\000\040\000o\000f\000\040\000t\000h\000e\000\040\000m\000a\000t\000e\000r\000i\000a\000l\000\040\000p\000a\000r\000a\000m\000e\000t\000e\000r\000s}{section.1}% 27
\BOOKMARK [2][-]{subsection.1.23}{\376\377\000P\000h\000y\000s\000i\000c\000a\000l\000\040\000c\000o\000n\000t\000e\000n\000t\000\040\000o\000f\000\040\000t\000h\000e\000\040\000G\000i\000n\000z\000b\000u\000r\000g\000-\000L\000a\000n\000d\000a\000u\000\040\000e\000q\000u\000a\000t\000i\000o\000n\000s}{section.1}% 28
\BOOKMARK [2][-]{subsection.1.24}{\376\377\000C\000o\000h\000e\000r\000e\000n\000c\000e\000\040\000l\000e\000n\000g\000t\000h\000,\000\040}{section.1}% 29
\BOOKMARK [2][-]{subsection.1.25}{\376\377\000C\000a\000s\000e\000:\000\040\000W\000h\000e\000n\000\040\000A\000\040\000i\000s\000\040\000z\000e\000r\000o}{section.1}% 30
\BOOKMARK [2][-]{subsection.1.26}{\376\377\000P\000e\000n\000e\000t\000r\000a\000t\000i\000o\000n\000\040\000D\000e\000p\000t\000h}{section.1}% 31
\BOOKMARK [2][-]{subsection.1.27}{\376\377\000R\000a\000t\000i\000o\000\040\000o\000f\000\040\000P\000e\000n\000e\000t\000r\000a\000t\000i\000o\000n\000\040\000D\000e\000p\000t\000h\000\040\000a\000n\000d\000\040\000C\000o\000h\000e\000r\000e\000n\000c\000e\000\040\000L\000e\000n\000g\000t\000h}{section.1}% 32
\BOOKMARK [1][-]{section.2}{\376\377\000B\000C\000S\000\040\000T\000h\000e\000o\000r\000y\000\040\000a\000n\000d\000\040\000C\000o\000o\000p\000e\000r\000\040\000p\000a\000i\000r\000s}{}% 33
\BOOKMARK [2][-]{subsection.2.1}{\376\377\000I\000n\000t\000r\000o\000d\000u\000c\000t\000i\000o\000n}{section.2}% 34
\BOOKMARK [2][-]{subsection.2.2}{\376\377\000E\000l\000e\000c\000t\000r\000o\000n\000\040\000P\000a\000i\000r\000i\000n\000g\000\040\000a\000n\000d\000\040\000B\000C\000S\000\040\000T\000h\000e\000o\000r\000y}{section.2}% 35
\BOOKMARK [2][-]{subsection.2.3}{\376\377\000F\000o\000r\000m\000a\000t\000i\000o\000n\000\040\000o\000f\000\040\000C\000o\000o\000p\000e\000r\000\040\000P\000a\000i\000r\000s}{section.2}% 36
\BOOKMARK [2][-]{subsection.2.4}{\376\377\000S\000c\000a\000t\000t\000e\000r\000i\000n\000g\000\040\000o\000f\000\040\000C\000o\000o\000p\000e\000r\000\040\000P\000a\000i\000r\000s}{section.2}% 37
\BOOKMARK [2][-]{subsection.2.5}{\376\377\000B\000C\000S\000\040\000G\000r\000o\000u\000n\000d\000\040\000S\000t\000a\000t\000e}{section.2}% 38
\BOOKMARK [3][-]{subsubsection.2.5.1}{\376\377\000T\000h\000e\000\040\000E\000n\000e\000r\000g\000y\000\040\000o\000f\000\040\000t\000h\000e\000\040\000B\000C\000S\000\040\000G\000r\000o\000u\000n\000d\000\040\000S\000t\000a\000t\000e}{subsection.2.5}% 39
